<?xml version="1.0" encoding="UTF-8"?>
<testng-results ignored="0" total="1" passed="1" failed="0" skipped="0">
  <reporter-output>
  </reporter-output>
  <suite started-at="2023-11-23T06:34:59Z" name="Suite" finished-at="2023-11-23T06:35:04Z" duration-ms="4670">
    <groups>
    </groups>
    <test started-at="2023-11-23T06:34:59Z" name="Test" finished-at="2023-11-23T06:35:04Z" duration-ms="4670">
      <class name="fb.pages.FBLoginPage">
        <test-method signature="openDriver()[pri:0, instance:fb.pages.FBLoginPage@d771cc9]" started-at="2023-11-23T06:34:59Z" name="openDriver" finished-at="2023-11-23T06:35:04Z" duration-ms="4644" status="PASS">
          <reporter-output>
          </reporter-output>
        </test-method> <!-- openDriver -->
      </class> <!-- fb.pages.FBLoginPage -->
    </test> <!-- Test -->
  </suite> <!-- Suite -->
</testng-results>
